 PARAMETER DEFINITIONS:
    NO.   NAME         VALUE      STEP SIZE      LIMITS
     1 delta_m2_21   1.40000e-04  1.00000e-07    0.00000e+00  1.00000e-03
     2 delta_m2_32   4.45500e-03  1.00000e-06    0.00000e+00  1.00000e-01
     3 sin2_theta_12   6.07000e-01  1.00000e-03    0.00000e+00  1.00000e+00
     4 sin2_theta_13   4.19000e-02  1.00000e-03    0.00000e+00  1.00000e+00
     5 sin2_theta_23   8.53000e-01  1.00000e-03    0.00000e+00  1.00000e+00
     6 delta_CP     1.88496e+00  1.00000e-02    0.00000e+00  6.28319e+00
 **********
 **    1 **MIGRAD
 **********
 FIRST CALL TO USER FUNCTION AT NEW START POINT, WITH IFLAG=4.
 START MIGRAD MINIMIZATION.  STRATEGY  1.  CONVERGENCE WHEN EDM .LT. 1.00e-04
 FCN=7763.46 FROM MIGRAD    STATUS=INITIATE       22 CALLS          23 TOTAL
                     EDM= unknown      STRATEGY= 1      NO ERROR MATRIX       
  EXT PARAMETER               CURRENT GUESS       STEP         FIRST   
  NO.   NAME      VALUE            ERROR          SIZE      DERIVATIVE 
   1  delta_m2_21   1.40000e-04   1.00000e-07   2.88195e-04   1.42662e+04
   2  delta_m2_32   4.45500e-03   1.00000e-06   4.84699e-05   9.69373e+04
   3  sin2_theta_12   6.07000e-01   1.00000e-03   2.04743e-03   1.42504e+03
   4  sin2_theta_13   4.19000e-02   1.00000e-03   4.99135e-03   1.59859e+04
   5  sin2_theta_23   8.53000e-01   1.00000e-03   2.82403e-03   6.96972e+02
   6  delta_CP     1.88496e+00   1.00000e-02   3.47306e-03  -2.99241e+02
 MIGRAD MINIMIZATION HAS CONVERGED.
 FCN=44.847 FROM MIGRAD    STATUS=CONVERGED     184 CALLS         185 TOTAL
                     EDM=7.24468e-06    STRATEGY= 1  ERROR MATRIX UNCERTAINTY   8.3 per cent
  EXT PARAMETER                                   STEP         FIRST   
  NO.   NAME      VALUE            ERROR          SIZE      DERIVATIVE 
   1  delta_m2_21   7.53888e-05   1.79295e-06  -1.41423e-05   2.24757e-01
   2  delta_m2_32   2.45630e-03   2.71307e-05   1.52562e-06   1.56892e+00
   3  sin2_theta_12   3.07473e-01   1.30845e-02  -3.10210e-05  -1.68035e-03
   4  sin2_theta_13   2.19932e-02   6.93606e-04   1.06452e-05  -2.82795e-01
   5  sin2_theta_23   5.59235e-01   1.67617e-02  -2.44131e-04  -8.79693e-02
   6  delta_CP     3.64724e+00   2.89579e-01   4.89571e-04  -3.61863e-02
 EXTERNAL ERROR MATRIX.    NDIM=  25    NPAR=  6    ERR DEF=1
  3.215e-12 -1.181e-12 -5.114e-10  3.684e-11  2.191e-09  2.303e-09 
 -1.181e-12  7.361e-10 -5.568e-09  8.574e-10  3.036e-08  7.685e-07 
 -5.114e-10 -5.568e-09  1.713e-04 -7.087e-08  6.096e-07 -7.438e-05 
  3.684e-11  8.574e-10 -7.087e-08  4.811e-07 -9.489e-07 -1.228e-05 
  2.191e-09  3.036e-08  6.096e-07 -9.489e-07  2.811e-04 -1.042e-04 
  2.303e-09  7.685e-07 -7.438e-05 -1.228e-05 -1.042e-04  8.410e-02 
 PARAMETER  CORRELATION COEFFICIENTS  
       NO.  GLOBAL      1      2      3      4      5      6
        1  0.09039   1.000 -0.024 -0.022  0.030  0.073  0.004
        2  0.13716  -0.024  1.000 -0.016  0.046  0.067  0.098
        3  0.03375  -0.022 -0.016  1.000 -0.008  0.003 -0.020
        4  0.12413   0.030  0.046 -0.008  1.000 -0.082 -0.061
        5  0.13711   0.073  0.067  0.003 -0.082  1.000 -0.021
        6  0.12425   0.004  0.098 -0.020 -0.061 -0.021  1.000
Fit completed successfully.
Final chi-squared value: 44.847
Estimated distance to minimum (EDM): 7.24468e-06
Number of parameters: 6
Fit status: 3
Saved histogram: final_numu_flux_rebinned to file.
Saved histogram: final_nue_flux_rebinned to file.
Saved histogram: final_numubar_flux_rebinned to file.
Saved histogram: final_nuebar_flux_rebinned to file.
Saved histogram: observed_numu_rebinned to file.
Saved histogram: observed_nue_rebinned to file.
Saved histogram: observed_numubar_rebinned to file.
Saved histogram: observed_nuebar_rebinned to file.
All histograms saved to check_event_hists.root.
Fitter executed successfully.
